<?xml version="1.0" encoding="UTF-8"?>
<testsuite xmlns:xsi="http://www.w3.org/2001/XMLSchema-instance" xsi:noNamespaceSchemaLocation="https://maven.apache.org/surefire/maven-surefire-plugin/xsd/surefire-test-report-3.0.xsd" version="3.0" name="org.example.TestMain" time="0.406" tests="8" errors="0" skipped="0" failures="0">
  <properties>
    <property name="java.specification.version" value="17"/>
    <property name="sun.jnu.encoding" value="UTF-8"/>
    <property name="java.class.path" value="/Users/adityav/IdeaProjects/scientificCalculator/target/test-classes:/Users/adityav/IdeaProjects/scientificCalculator/target/classes:/Users/adityav/.m2/repository/junit/junit/4.13.2/junit-4.13.2.jar:/Users/adityav/.m2/repository/org/hamcrest/hamcrest-core/1.3/hamcrest-core-1.3.jar:/Users/adityav/.m2/repository/org/apache/logging/log4j/log4j-api/2.20.0/log4j-api-2.20.0.jar:/Users/adityav/.m2/repository/org/apache/logging/log4j/log4j-core/2.20.0/log4j-core-2.20.0.jar:"/>
    <property name="java.vm.vendor" value="Oracle Corporation"/>
    <property name="sun.arch.data.model" value="64"/>
    <property name="java.vendor.url" value="https://java.oracle.com/"/>
    <property name="os.name" value="Mac OS X"/>
    <property name="java.vm.specification.version" value="17"/>
    <property name="sun.java.launcher" value="SUN_STANDARD"/>
    <property name="user.country" value="IN"/>
    <property name="sun.boot.library.path" value="/Library/Java/JavaVirtualMachines/jdk-17.jdk/Contents/Home/lib"/>
    <property name="sun.java.command" value="/Users/adityav/IdeaProjects/scientificCalculator/target/surefire/surefirebooter-20230315213411058_3.jar /Users/adityav/IdeaProjects/scientificCalculator/target/surefire 2023-03-15T21-34-10_964-jvmRun1 surefire-20230315213411058_1tmp surefire_0-20230315213411058_2tmp"/>
    <property name="http.nonProxyHosts" value="local|*.local|169.254/16|*.169.254/16"/>
    <property name="jdk.debug" value="release"/>
    <property name="surefire.test.class.path" value="/Users/adityav/IdeaProjects/scientificCalculator/target/test-classes:/Users/adityav/IdeaProjects/scientificCalculator/target/classes:/Users/adityav/.m2/repository/junit/junit/4.13.2/junit-4.13.2.jar:/Users/adityav/.m2/repository/org/hamcrest/hamcrest-core/1.3/hamcrest-core-1.3.jar:/Users/adityav/.m2/repository/org/apache/logging/log4j/log4j-api/2.20.0/log4j-api-2.20.0.jar:/Users/adityav/.m2/repository/org/apache/logging/log4j/log4j-core/2.20.0/log4j-core-2.20.0.jar:"/>
    <property name="sun.cpu.endian" value="little"/>
    <property name="user.home" value="/Users/adityav"/>
    <property name="user.language" value="en"/>
    <property name="java.specification.vendor" value="Oracle Corporation"/>
    <property name="java.version.date" value="2023-01-17"/>
    <property name="java.home" value="/Library/Java/JavaVirtualMachines/jdk-17.jdk/Contents/Home"/>
    <property name="file.separator" value="/"/>
    <property name="basedir" value="/Users/adityav/IdeaProjects/scientificCalculator"/>
    <property name="java.vm.compressedOopsMode" value="Zero based"/>
    <property name="line.separator" value="&#10;"/>
    <property name="java.specification.name" value="Java Platform API Specification"/>
    <property name="java.vm.specification.vendor" value="Oracle Corporation"/>
    <property name="surefire.real.class.path" value="/Users/adityav/IdeaProjects/scientificCalculator/target/surefire/surefirebooter-20230315213411058_3.jar"/>
    <property name="sun.management.compiler" value="HotSpot 64-Bit Tiered Compilers"/>
    <property name="ftp.nonProxyHosts" value="local|*.local|169.254/16|*.169.254/16"/>
    <property name="java.runtime.version" value="17.0.6+9-LTS-190"/>
    <property name="user.name" value="adityav"/>
    <property name="path.separator" value=":"/>
    <property name="os.version" value="13.2.1"/>
    <property name="java.runtime.name" value="Java(TM) SE Runtime Environment"/>
    <property name="file.encoding" value="US-ASCII"/>
    <property name="java.vm.name" value="Java HotSpot(TM) 64-Bit Server VM"/>
    <property name="localRepository" value="/Users/adityav/.m2/repository"/>
    <property name="java.vendor.url.bug" value="https://bugreport.java.com/bugreport/"/>
    <property name="java.io.tmpdir" value="/var/folders/sw/vjs2dqf92w17vdq6bzw1cg9r0000gn/T/"/>
    <property name="java.version" value="17.0.6"/>
    <property name="user.dir" value="/Users/adityav/IdeaProjects/scientificCalculator"/>
    <property name="os.arch" value="aarch64"/>
    <property name="java.vm.specification.name" value="Java Virtual Machine Specification"/>
    <property name="native.encoding" value="US-ASCII"/>
    <property name="java.library.path" value="/Users/adityav/Library/Java/Extensions:/Library/Java/Extensions:/Network/Library/Java/Extensions:/System/Library/Java/Extensions:/usr/lib/java:."/>
    <property name="java.vm.info" value="mixed mode, sharing"/>
    <property name="java.vendor" value="Oracle Corporation"/>
    <property name="java.vm.version" value="17.0.6+9-LTS-190"/>
    <property name="sun.io.unicode.encoding" value="UnicodeBig"/>
    <property name="socksNonProxyHosts" value="local|*.local|169.254/16|*.169.254/16"/>
    <property name="java.class.version" value="61.0"/>
  </properties>
  <testcase name="factorialFalsePositive" classname="org.example.TestMain" time="0.379">
    <system-out><![CDATA[21:34:11.566 [main] INFO  org.example.Main - [FACTORIAL OPERATION] [SUCCESS] 3
21:34:11.567 [main] INFO  org.example.Main - [RESULT: FACTORIAL] 6.0
21:34:11.567 [main] INFO  org.example.Main - [FACTORIAL OPERATION] [SUCCESS] 4
21:34:11.568 [main] INFO  org.example.Main - [RESULT: FACTORIAL] 24.0
21:34:11.568 [main] INFO  org.example.Main - [FACTORIAL OPERATION] [SUCCESS] 6
21:34:11.568 [main] INFO  org.example.Main - [RESULT: FACTORIAL] 720.0
]]></system-out>
  </testcase>
  <testcase name="rootTruePositive" classname="org.example.TestMain" time="0">
    <system-out><![CDATA[21:34:11.568 [main] INFO  org.example.Main - [SQUARE ROOT OPERATION] [SUCCESS] 1
21:34:11.568 [main] INFO  org.example.Main - [RESULT: SQUARE ROOT] 1.0
21:34:11.568 [main] INFO  org.example.Main - [SQUARE ROOT OPERATION] [SUCCESS] 2
21:34:11.569 [main] INFO  org.example.Main - [RESULT: SQUARE ROOT] 1.414213562373095
21:34:11.569 [main] INFO  org.example.Main - [SQUARE ROOT OPERATION] [SUCCESS] 4
21:34:11.569 [main] INFO  org.example.Main - [RESULT: SQUARE ROOT] 2.0
21:34:11.569 [main] INFO  org.example.Main - [SQUARE ROOT OPERATION] [SUCCESS] 7
21:34:11.569 [main] INFO  org.example.Main - [RESULT: SQUARE ROOT] 2.6457513110645907
]]></system-out>
  </testcase>
  <testcase name="logTruePositive" classname="org.example.TestMain" time="0.001">
    <system-out><![CDATA[21:34:11.569 [main] INFO  org.example.Main - [LOGARITHM OPERATION] [SUCCESS] 1.0
21:34:11.569 [main] INFO  org.example.Main - [RESULT: LOGARITHM] 0.0
21:34:11.570 [main] INFO  org.example.Main - [LOGARITHM OPERATION] [SUCCESS] 2.0
21:34:11.570 [main] INFO  org.example.Main - [RESULT: LOGARITHM] 0.6931471805599451
21:34:11.570 [main] INFO  org.example.Main - [LOGARITHM OPERATION] [SUCCESS] 5.0
21:34:11.570 [main] INFO  org.example.Main - [RESULT: LOGARITHM] 1.6094379124263267
21:34:11.570 [main] INFO  org.example.Main - [LOGARITHM OPERATION] [SUCCESS] 10.0
21:34:11.570 [main] INFO  org.example.Main - [RESULT: LOGARITHM] 2.302582905639062
]]></system-out>
  </testcase>
  <testcase name="factorialTruePositive" classname="org.example.TestMain" time="0.001">
    <system-out><![CDATA[21:34:11.570 [main] INFO  org.example.Main - [FACTORIAL OPERATION] [SUCCESS] 1
21:34:11.570 [main] INFO  org.example.Main - [RESULT: FACTORIAL] 1.0
21:34:11.571 [main] INFO  org.example.Main - [FACTORIAL OPERATION] [SUCCESS] 2
21:34:11.571 [main] INFO  org.example.Main - [RESULT: FACTORIAL] 2.0
21:34:11.571 [main] INFO  org.example.Main - [FACTORIAL OPERATION] [SUCCESS] 5
21:34:11.571 [main] INFO  org.example.Main - [RESULT: FACTORIAL] 120.0
21:34:11.571 [main] INFO  org.example.Main - [FACTORIAL OPERATION] [SUCCESS] 10
21:34:11.571 [main] INFO  org.example.Main - [RESULT: FACTORIAL] 3628800.0
]]></system-out>
  </testcase>
  <testcase name="powerFalsePositive" classname="org.example.TestMain" time="0.001">
    <system-out><![CDATA[21:34:11.572 [main] INFO  org.example.Main - [POWER OPERATION] [SUCCESS] 0.0
21:34:11.572 [main] INFO  org.example.Main - [RESULT: POWER] 0.0
21:34:11.572 [main] INFO  org.example.Main - [POWER OPERATION] [SUCCESS] 1.0
21:34:11.572 [main] INFO  org.example.Main - [RESULT: POWER] 1.0
21:34:11.572 [main] INFO  org.example.Main - [POWER OPERATION] [SUCCESS] 2.0
21:34:11.572 [main] INFO  org.example.Main - [RESULT: POWER] 1024.0
21:34:11.572 [main] INFO  org.example.Main - [POWER OPERATION] [SUCCESS] 1.3
21:34:11.573 [main] INFO  org.example.Main - [RESULT: POWER] 1.6900000000000002
]]></system-out>
  </testcase>
  <testcase name="powerTruePositive" classname="org.example.TestMain" time="0.001">
    <system-out><![CDATA[21:34:11.573 [main] INFO  org.example.Main - [POWER OPERATION] [SUCCESS] 1.0
21:34:11.573 [main] INFO  org.example.Main - [RESULT: POWER] 1.0
21:34:11.573 [main] INFO  org.example.Main - [POWER OPERATION] [SUCCESS] 3.0
21:34:11.573 [main] INFO  org.example.Main - [RESULT: POWER] 81.0
21:34:11.573 [main] INFO  org.example.Main - [POWER OPERATION] [SUCCESS] 1.2
21:34:11.573 [main] INFO  org.example.Main - [RESULT: POWER] 1.44
]]></system-out>
  </testcase>
  <testcase name="logFalsePositive" classname="org.example.TestMain" time="0.001">
    <system-out><![CDATA[21:34:11.574 [main] INFO  org.example.Main - [LOGARITHM OPERATION] [SUCCESS] 3.0
21:34:11.574 [main] INFO  org.example.Main - [RESULT: LOGARITHM] 1.0986122886681087
21:34:11.574 [main] INFO  org.example.Main - [LOGARITHM OPERATION] [SUCCESS] 4.0
21:34:11.574 [main] INFO  org.example.Main - [RESULT: LOGARITHM] 1.3862943611198806
21:34:11.574 [main] INFO  org.example.Main - [LOGARITHM OPERATION] [SUCCESS] 7.0
21:34:11.574 [main] INFO  org.example.Main - [RESULT: LOGARITHM] 1.9459101376914265
21:34:11.575 [main] INFO  org.example.Main - [LOGARITHM OPERATION] [SUCCESS] 9.0
21:34:11.575 [main] INFO  org.example.Main - [RESULT: LOGARITHM] 2.197224011445802
]]></system-out>
  </testcase>
  <testcase name="rootFalsePositive" classname="org.example.TestMain" time="0.001">
    <system-out><![CDATA[21:34:11.575 [main] INFO  org.example.Main - [SQUARE ROOT OPERATION] [SUCCESS] 3
21:34:11.575 [main] INFO  org.example.Main - [RESULT: SQUARE ROOT] 1.7320508075688772
21:34:11.575 [main] INFO  org.example.Main - [SQUARE ROOT OPERATION] [SUCCESS] 5
21:34:11.575 [main] INFO  org.example.Main - [RESULT: SQUARE ROOT] 2.23606797749979
21:34:11.575 [main] INFO  org.example.Main - [SQUARE ROOT OPERATION] [SUCCESS] 9
21:34:11.575 [main] INFO  org.example.Main - [RESULT: SQUARE ROOT] 3.0
21:34:11.575 [main] INFO  org.example.Main - [SQUARE ROOT OPERATION] [SUCCESS] 16
21:34:11.575 [main] INFO  org.example.Main - [RESULT: SQUARE ROOT] 4.0
]]></system-out>
  </testcase>
</testsuite>